<?xml version="1.0" encoding="UTF-8"?>
<!-- Generated by org.testng.reporters.JUnitReportReporter -->
<testsuite hostname="DESKTOP-V3BIN3G" failures="0" tests="4" name="test.BasicValidation" time="0.200" errors="0" timestamp="2025-06-23T20:49:03 EDT" skipped="0">
  <testcase classname="test.BasicValidation" name="emailValidation" time="0.088">
    <system-out>
      <![CDATA[Expected Result =Email or phone number
Actual Result =Email or phone number]]>
    </system-out>
  </testcase> <!-- emailValidation -->
  <testcase classname="test.BasicValidation" name="welcomeMessage" time="0.032">
    <system-out>
      <![CDATA[Expected Result =Connect with friends and the world around you on Facebook.
Actual Result =Connect with friends and the world around you on Facebook.]]>
    </system-out>
  </testcase> <!-- welcomeMessage -->
  <testcase classname="test.BasicValidation" name="loginValidation" time="0.050">
    <system-out>
      <![CDATA[Expected Result =Log In
Actual Result =Log In]]>
    </system-out>
  </testcase> <!-- loginValidation -->
  <testcase classname="test.BasicValidation" name="passValidation" time="0.030">
    <system-out>
      <![CDATA[Expected Result =Password
Actual Result =Password]]>
    </system-out>
  </testcase> <!-- passValidation -->
  <system-out>
    <![CDATA[Expected Result =Email or phone number
Actual Result =Email or phone number
Expected Result =Log In
Actual Result =Log In
Expected Result =Password
Actual Result =Password
Expected Result =Connect with friends and the world around you on Facebook.
Actual Result =Connect with friends and the world around you on Facebook.]]>
  </system-out>
</testsuite> <!-- test.BasicValidation -->
